<?xml version="1.0" encoding="UTF-8"?>
<!-- Generated by org.testng.reporters.JUnitXMLReporter -->
<testsuite ignored="1" hostname="smrati" failures="0" tests="2" name="loan" time="0.009" errors="0" timestamp="2023-07-04T16:37:28 IST">
  <testcase classname="introduction.day3" name="test1day3" time="0.001"/>
  <testcase classname="introduction.day3" name="test4day3" time="0.001"/>
  <testcase classname="introduction.day3" name="test5day3" time="0.0">
    <ignored/>
  </testcase> <!-- test5day3 -->
</testsuite> <!-- loan -->
