<?xml version="1.0" encoding="UTF-8"?>
<!-- Generated by org.testng.reporters.JUnitXMLReporter -->
<testsuite ignored="0" hostname="smrati" failures="0" tests="1" name="Test" time="0.143" errors="0" timestamp="2024-09-02T13:44:06 IST">
  <testcase classname="introduction.testlogin" name="@BeforeClass setup" time="0.088">
    <failure type="java.lang.NoSuchMethodError" message="&amp;apos;java.lang.String org.openqa.selenium.manager.SeleniumManager.getDriverPath(org.openqa.selenium.Capabilities)&amp;apos;">
      <![CDATA[java.lang.NoSuchMethodError: 'java.lang.String org.openqa.selenium.manager.SeleniumManager.getDriverPath(org.openqa.selenium.Capabilities)'
at org.openqa.selenium.remote.service.DriverFinder.getPath(DriverFinder.java:26)
at org.openqa.selenium.chrome.ChromeDriver.generateExecutor(ChromeDriver.java:98)
at org.openqa.selenium.chrome.ChromeDriver.<init>(ChromeDriver.java:88)
at org.openqa.selenium.chrome.ChromeDriver.<init>(ChromeDriver.java:84)
at org.openqa.selenium.chrome.ChromeDriver.<init>(ChromeDriver.java:52)
at introduction.testlogin.setup(testlogin.java:15)
at java.base/java.util.ArrayList.forEach(ArrayList.java:1511)
... Removed 23 stack frames]]>
    </failure>
  </testcase> <!-- @BeforeClass setup -->
  <testcase classname="introduction.testlogin" name="@AfterClass Teardown" time="0.0">
    <skipped/>
  </testcase> <!-- @AfterClass Teardown -->
  <testcase classname="introduction.testlogin" name="testloginfeature" time="0.0">
    <skipped/>
  </testcase> <!-- testloginfeature -->
</testsuite> <!-- Test -->
