<?xml version="1.0" encoding="UTF-8"?>
<testng-results ignored="0" total="1" passed="1" failed="0" skipped="0">
  <reporter-output>
  </reporter-output>
  <suite started-at="2024-09-02T20:27:40 IST" name="Default suite" finished-at="2024-09-02T20:27:43 IST" duration-ms="3362">
    <groups>
    </groups>
    <test started-at="2024-09-02T20:27:40 IST" name="Default test" finished-at="2024-09-02T20:27:43 IST" duration-ms="3362">
      <class name="introduction.testlogin">
        <test-method is-config="true" signature="setup()[pri:0, instance:introduction.testlogin@35e2d654]" started-at="2024-09-02T20:27:40 IST" name="setup" finished-at="2024-09-02T20:27:42 IST" duration-ms="2551" status="PASS">
          <reporter-output>
          </reporter-output>
        </test-method> <!-- setup -->
        <test-method signature="testloginfeature()[pri:0, instance:introduction.testlogin@35e2d654]" started-at="2024-09-02T20:27:42 IST" name="testloginfeature" finished-at="2024-09-02T20:27:43 IST" duration-ms="647" status="PASS">
          <reporter-output>
          </reporter-output>
        </test-method> <!-- testloginfeature -->
        <test-method is-config="true" signature="Teardown()[pri:0, instance:introduction.testlogin@35e2d654]" started-at="2024-09-02T20:27:43 IST" name="Teardown" finished-at="2024-09-02T20:27:43 IST" duration-ms="134" status="PASS">
          <reporter-output>
          </reporter-output>
        </test-method> <!-- Teardown -->
      </class> <!-- introduction.testlogin -->
    </test> <!-- Default test -->
  </suite> <!-- Default suite -->
</testng-results>
